make --dry-run --always-make --keep-going --print-directory
make: Entering directory '/Users/mtavares/so_long'
make -C libs/libft
make -C libs/printf_fd
make -C mlx_linux
mkdir -p objs
gcc -Wall -Wextra -Werror -I/usr/include -Imlx_linux -O3 -c srcs/check_map.c -o objs/check_map.o
mkdir -p objs
gcc -Wall -Wextra -Werror -I/usr/include -Imlx_linux -O3 -c srcs/create_window.c -o objs/create_window.o
mkdir -p objs
gcc -Wall -Wextra -Werror -I/usr/include -Imlx_linux -O3 -c srcs/exit_free.c -o objs/exit_free.o
mkdir -p objs
gcc -Wall -Wextra -Werror -I/usr/include -Imlx_linux -O3 -c srcs/get_next_line.c -o objs/get_next_line.o
mkdir -p objs
gcc -Wall -Wextra -Werror -I/usr/include -Imlx_linux -O3 -c srcs/get_next_line_utils.c -o objs/get_next_line_utils.o
mkdir -p objs
gcc -Wall -Wextra -Werror -I/usr/include -Imlx_linux -O3 -c srcs/hooks.c -o objs/hooks.o
mkdir -p objs
gcc -Wall -Wextra -Werror -I/usr/include -Imlx_linux -O3 -c srcs/init_values.c -o objs/init_values.o
mkdir -p objs
gcc -Wall -Wextra -Werror -I/usr/include -Imlx_linux -O3 -c srcs/load_imgs.c -o objs/load_imgs.o
mkdir -p objs
gcc -Wall -Wextra -Werror -I/usr/include -Imlx_linux -O3 -c srcs/main.c -o objs/main.o
mkdir -p objs
gcc -Wall -Wextra -Werror -I/usr/include -Imlx_linux -O3 -c srcs/map_to_str.c -o objs/map_to_str.o
mkdir -p objs
gcc -Wall -Wextra -Werror -I/usr/include -Imlx_linux -O3 -c srcs/move_player.c -o objs/move_player.o
gcc -Wall -Wextra -Werror   objs/check_map.o  objs/create_window.o  objs/exit_free.o  objs/get_next_line.o  objs/get_next_line_utils.o  objs/hooks.o  objs/init_values.o  objs/load_imgs.o  objs/main.o  objs/map_to_str.o  objs/move_player.o libs/libft/libft.a libs/printf_fd/libprintf_fd.a -Lmlx_linux -lmlx_Linux -L/usr/lib -Imlx_linux -lXext -lX11 -lm -lz -o so_long
make: Leaving directory '/Users/mtavares/so_long'
 
