make all --print-data-base --no-builtin-variables --no-builtin-rules --question
# GNU Make 4.3
# Built for x86_64-unknown-linux-gnu
# Copyright (C) 1988-2020 Free Software Foundation, Inc.
# License GPLv3+: GNU GPL version 3 or later <http://gnu.org/licenses/gpl.html>
# This is free software: you are free to change and redistribute it.
# There is NO WARRANTY, to the extent permitted by law.

# Make data base, printed on Fri Jul 22 17:20:16 2022

# Variables

# environment
GDK_BACKEND = x11
# environment
LC_ALL = C
# environment
PULSE_SERVER = unix:/run/flatpak/pulse/native
# environment
GJS_DEBUG_OUTPUT = stderr
# environment
SBX_CHROME_API_RQ = 1
# environment
VSCODE_CWD = /Users/mtavares
# environment
LIBVIRT_DEFAULT_URI = qemu:///system
# default
MAKE_COMMAND := make
# environment
QT_ACCESSIBILITY = 1
# automatic
@D = $(patsubst %/,%,$(dir $@))
# environment
VSCODE_HANDLES_UNCAUGHT_ERRORS = true
# default
.VARIABLES := 
# environment
PWD = /Users/mtavares/so_long
# environment
ZYPAK_ZYGOTE_STRATEGY_SPAWN = 1
# automatic
%D = $(patsubst %/,%,$(dir $%))
# environment
GI_TYPELIB_PATH = /app/lib/girepository-1.0
# environment
XDG_DATA_DIRS = /app/share:/usr/share:/usr/share/runtime/share:/run/host/user-share:/run/host/share
# automatic
^D = $(patsubst %/,%,$(dir $^))
# automatic
%F = $(notdir $%)
# environment
VSCODE_CODE_CACHE_PATH = /Users/mtavares/.var/app/com.visualstudio.code/config/Code/CachedData/3b889b090b5ad5793f524b5d1d39fda662b96a2a
# environment
XDG_SESSION_PATH = /org/freedesktop/DisplayManager/Session8
# makefile (from 'Makefile', line 31)
LIBFT = libs/libft/libft.a
# environment
LANG = C
# environment
XAUTHORITY = /run/flatpak/Xauthority
# default
.LOADED := 
# default
.INCLUDE_DIRS = /usr/include /usr/include
# environment
ALSA_CONFIG_DIR = /usr/share/alsa
# makefile
MAKEFLAGS = pqrR
# environment
ZYPAK_SPAWN_LATEST_ON_REEXEC = 0
# makefile
CURDIR := /Users/mtavares/so_long
# environment
APPLICATION_INSIGHTS_NO_DIAGNOSTIC_CHANNEL = 1
# makefile (from 'Makefile', line 13)
SRCS = $(SRCS_DIR)/check_map.c $(SRCS_DIR)/create_window.c $(SRCS_DIR)/exit_free.c $(SRCS_DIR)/get_next_line.c $(SRCS_DIR)/get_next_line_utils.c $(SRCS_DIR)/hooks.c $(SRCS_DIR)/init_values.c $(SRCS_DIR)/load_imgs.c $(SRCS_DIR)/main.c $(SRCS_DIR)/map_to_str.c $(SRCS_DIR)/move_player.c
# automatic
*D = $(patsubst %/,%,$(dir $*))
# environment
ZYPAK_LIB = /app/bin/../lib
# environment
MFLAGS = -pqrR
# environment
SSH_AUTH_SOCK = /run/flatpak/ssh-auth
# default
.SHELLFLAGS := -c
 
# environment
XDG_CONFIG_DIRS = /app/etc/xdg:/etc/xdg
# makefile (from 'Makefile', line 25)
SRCS_DIR = srcs
# automatic
+D = $(patsubst %/,%,$(dir $+))
# environment
ALSA_CONFIG_PATH = /usr/share/alsa/alsa-flatpak.conf
# environment
XDG_SESSION_DESKTOP = ubuntu
# makefile (from 'Makefile', line 1)
MAKEFILE_LIST := Makefile
# environment
FLATPAK_SANDBOX_DIR = /Users/mtavares/.var/app/com.visualstudio.code/sandbox
# automatic
@F = $(notdir $@)
# environment
VSCODE_PID = 24
# environment
KRB5CCNAME = FILE:/tmp/krb5cc_10804_GEXcpy
# environment
XDG_SESSION_TYPE = x11
# automatic
?D = $(patsubst %/,%,$(dir $?))
# environment
AT_SPI_BUS_ADDRESS = unix:path=/run/flatpak/at-spi-bus
# environment
XDG_DATA_HOME = /Users/mtavares/.var/app/com.visualstudio.code/data
# environment
SANDBOX_LD_PRELOAD = /app/bin/../lib/libzypak-preload-host.so:/app/bin/../lib/libzypak-preload-host-spawn-strategy.so
# environment
SESSION_MANAGER = local/c2r10s6.42lisboa.com:@/tmp/.ICE-unix/118609,unix/c2r10s6.42lisboa.com:/tmp/.ICE-unix/118609
# automatic
*F = $(notdir $*)
# environment
CHROME_DESKTOP = code-url-handler.desktop
# environment
DBUS_SESSION_BUS_ADDRESS = unix:path=/run/flatpak/bus
# automatic
<D = $(patsubst %/,%,$(dir $<))
# environment
VSCODE_NLS_CONFIG = {"locale":"en-us","availableLanguages":{},"_languagePackSupport":true}
# environment
__EGL_EXTERNAL_PLATFORM_CONFIG_DIRS = /etc/egl/egl_external_platform.d:/usr/lib/x86_64-linux-gnu/GL/egl/egl_external_platform.d:/usr/share/egl/egl_external_platform.d
# default
MAKE_HOST := x86_64-unknown-linux-gnu
# makefile (from 'Makefile', line 27)
OBJS = $(subst $(SRCS_DIR), $(OBJS_DIR), $(SRCS:.c=.o))
# environment
GNOME_DESKTOP_SESSION_ID = this-is-deprecated
# makefile
SHELL = /bin/sh
# default
MAKECMDGOALS := all
# environment
XMODIFIERS = @im=ibus
# environment
LD_LIBRARY_PATH = /app/lib
# environment
GJS_DEBUG_TOPICS = JS ERROR;JS LOG
# environment
SANDBOX_LD_LIBRARY_PATH = /app/lib
# environment
SHLVL = 0
# environment
MAKELEVEL := 0
# default
MAKE = $(MAKE_COMMAND)
# environment
PATH = /app/bin:/app/bin:/app/bin:/usr/bin:/Users/mtavares/.var/app/com.visualstudio.code/data/node_modules/bin
# default
MAKEFILES := 
# automatic
^F = $(notdir $^)
# environment
DBUS_SYSTEM_BUS_ADDRESS = unix:path=/run/dbus/system_bus_socket
# environment
XDG_CONFIG_HOME = /Users/mtavares/.var/app/com.visualstudio.code/config
# environment
INVOCATION_ID = 280c07aa9dd14d8fb62f1fa90485e2eb
# makefile (from 'Makefile', line 35)
MLX = mlx_linux/libmlx_Linux.a
# environment
DOCKER_HOST = unix:///run/user/10804/docker.sock
# automatic
?F = $(notdir $?)
# makefile (from 'Makefile', line 37)
NAME = so_long
# makefile (from 'Makefile', line 33)
PRINTF = libs/printf_fd/libprintf_fd.a
# environment
XDG_CURRENT_DESKTOP = Unity
# automatic
+F = $(notdir $+)
# environment
XDG_SEAT_PATH = /org/freedesktop/DisplayManager/Seat0
# environment
DESKTOP_SESSION = ubuntu
# environment
GST_PLUGIN_SYSTEM_PATH = /app/lib/gstreamer-1.0:/usr/lib/extensions/gstreamer-1.0:/usr/lib/x86_64-linux-gnu/gstreamer-1.0
# environment
ORIGINAL_XDG_CURRENT_DESKTOP = ubuntu:GNOME
# 'override' directive
GNUMAKEFLAGS := 
# environment
LOGNAME = mtavares
# environment
container = flatpak
# environment
GIO_LAUNCHED_DESKTOP_FILE = /var/lib/flatpak/exports/share/applications/com.visualstudio.code.desktop
# makefile
.DEFAULT_GOAL := all
# makefile (from 'Makefile', line 43)
RM = rm -rf
# environment
NPM_CONFIG_GLOBALCONFIG = /app/etc/npmrc
# environment
GTK_MODULES = gail:atk-bridge
# environment
USER = mtavares
# environment
DISPLAY = :99.0
# default
MAKE_VERSION := 4.3
# environment
MANAGERPID = 118056
# environment
GIO_LAUNCHED_DESKTOP_FILE_PID = 120469
# makefile (from 'Makefile', line 29)
OBJS_DIR = objs
# environment
SSH_AGENT_PID = 118557
# environment
_ = /usr/bin/make
# environment
XDG_RUNTIME_DIR = /run/user/10804
# makefile (from 'Makefile', line 41)
CFLAGS = -Wall -Wextra -Werror
# environment
GPG_AGENT_INFO = /run/user/10804/gnupg/S.gpg-agent:0:1
# environment
PULSE_CLIENTCONFIG = /run/flatpak/pulse/config
# environment
JOURNAL_STREAM = 9:3448570
# environment
XDG_SESSION_CLASS = user
# environment
VSCODE_AMD_ENTRYPOINT = vs/workbench/api/node/extensionHostProcess
# environment
HOME = /Users/mtavares
# environment
QT_IM_MODULE = ibus
# environment
ELECTRON_RUN_AS_NODE = 1
# environment
VSCODE_IPC_HOOK = /run/user/10804/vscode-5563319f-1.69.2-main.sock
# environment
IM_CONFIG_PHASE = 1
# default
.RECIPEPREFIX := 
# automatic
<F = $(notdir $<)
# default
SUFFIXES := 
# environment
XDG_CACHE_HOME = /Users/mtavares/.var/app/com.visualstudio.code/cache
# environment
VSCODE_CLI = 1
# environment
ELECTRON_NO_ATTACH_CONSOLE = 1
# environment
XDG_GREETER_DATA_DIR = /var/lib/lightdm-data/mtavares
# default
.FEATURES := target-specific order-only second-expansion else-if shortest-stem undefine oneshell nocomment grouped-target extra-prereqs archives jobserver output-sync check-symlink load
# makefile (from 'Makefile', line 39)
CC = gcc
# environment
FLATPAK_ID = com.visualstudio.code
# environment
XDG_MENU_PREFIX = gnome-
# environment
ZYPAK_BIN = /app/bin
# environment
GDMSESSION = ubuntu
# variable set hash-table stats:
# Load=129/1024=13%, Rehash=0, Collisions=18/182=10%

# Pattern-specific Variable Values

# No pattern-specific variable values.

# Directories

# . (device 64768, inode 1844755): 17 files, no impossibilities.
# srcs (device 64768, inode 2230612): 13 files, no impossibilities so far.

# 30 files, no impossibilities in 2 directories.

# Implicit Rules

objs/%.o: srcs/%.c
#  recipe to execute (from 'Makefile', line 48):
		mkdir -p $(OBJS_DIR)
		$(CC) $(CFLAGS) -I/usr/include -Imlx_linux -O3 -c $< -o $@

# 1 implicit rules, 0 (0.0%) terminal.
# Files

objs/hooks.o: srcs/hooks.c
#  Implicit rule search has been done.
#  Implicit/static pattern stem: 'hooks'
#  Last modified 2022-07-22 16:49:49.11142692
#  File has been updated.
#  Successfully updated.
#  recipe to execute (from 'Makefile', line 48):
		mkdir -p $(OBJS_DIR)
		$(CC) $(CFLAGS) -I/usr/include -Imlx_linux -O3 -c $< -o $@

objs/load_imgs.o: srcs/load_imgs.c
#  Implicit rule search has been done.
#  Implicit/static pattern stem: 'load_imgs'
#  Last modified 2022-07-22 16:49:49.171426954
#  File has been updated.
#  Successfully updated.
#  recipe to execute (from 'Makefile', line 48):
		mkdir -p $(OBJS_DIR)
		$(CC) $(CFLAGS) -I/usr/include -Imlx_linux -O3 -c $< -o $@

# Not a target:
Makefile:
#  Implicit rule search has been done.
#  Last modified 2022-07-22 16:59:54.811305837
#  File has been updated.
#  Successfully updated.

# Not a target:
srcs/init_values.c:
#  Implicit rule search has been done.
#  Last modified 2022-07-22 16:12:20.569672384
#  File has been updated.
#  Successfully updated.

# Not a target:
srcs/map_to_str.c:
#  Implicit rule search has been done.
#  Last modified 2022-07-22 16:12:20.569672384
#  File has been updated.
#  Successfully updated.

# Not a target:
srcs/get_next_line.c:
#  Implicit rule search has been done.
#  Last modified 2022-07-22 16:12:20.569672384
#  File has been updated.
#  Successfully updated.

so_long: libs/libft/libft.a libs/printf_fd/libprintf_fd.a mlx_linux/libmlx_Linux.a objs/check_map.o objs/create_window.o objs/exit_free.o objs/get_next_line.o objs/get_next_line_utils.o objs/hooks.o objs/init_values.o objs/load_imgs.o objs/main.o objs/map_to_str.o objs/move_player.o
#  Implicit rule search has not been done.
#  Last modified 2022-07-22 16:59:26.335325708
#  File has been updated.
#  Successfully updated.
#  recipe to execute (from 'Makefile', line 52):
		$(CC) $(CFLAGS) $(OBJS) $(LIBFT) $(PRINTF) -Lmlx_linux -lmlx_Linux -L/usr/lib -Imlx_linux -lXext -lX11 -lm -lz -o $(NAME)

# Not a target:
srcs/create_window.c:
#  Implicit rule search has been done.
#  Last modified 2022-07-22 16:12:20.569672384
#  File has been updated.
#  Successfully updated.

.SILENT: all clean fclean re
#  Implicit rule search has not been done.
#  Modification time never checked.
#  File has not been updated.

# Not a target:
srcs/load_imgs.c:
#  Implicit rule search has been done.
#  Last modified 2022-07-22 16:12:20.569672384
#  File has been updated.
#  Successfully updated.

objs/init_values.o: srcs/init_values.c
#  Implicit rule search has been done.
#  Implicit/static pattern stem: 'init_values'
#  Last modified 2022-07-22 16:49:49.139426935
#  File has been updated.
#  Successfully updated.
#  recipe to execute (from 'Makefile', line 48):
		mkdir -p $(OBJS_DIR)
		$(CC) $(CFLAGS) -I/usr/include -Imlx_linux -O3 -c $< -o $@

clean:
#  Phony target (prerequisite of .PHONY).
#  Implicit rule search has not been done.
#  File does not exist.
#  File has not been updated.
#  recipe to execute (from 'Makefile', line 64):
		$(RM) $(OBJS_DIR)
		make clean -C libs/libft
		make clean -C libs/printf_fd
		make clean -C mlx_linux

objs/exit_free.o: srcs/exit_free.c
#  Implicit rule search has been done.
#  Implicit/static pattern stem: 'exit_free'
#  Last modified 2022-07-22 16:49:49.035426877
#  File has been updated.
#  Successfully updated.
#  recipe to execute (from 'Makefile', line 48):
		mkdir -p $(OBJS_DIR)
		$(CC) $(CFLAGS) -I/usr/include -Imlx_linux -O3 -c $< -o $@

re: fclean all
#  Phony target (prerequisite of .PHONY).
#  Implicit rule search has not been done.
#  File does not exist.
#  File has not been updated.

objs/move_player.o: srcs/move_player.c
#  Implicit rule search has been done.
#  Implicit/static pattern stem: 'move_player'
#  Last modified 2022-07-22 16:49:49.259427003
#  File has been updated.
#  Successfully updated.
#  recipe to execute (from 'Makefile', line 48):
		mkdir -p $(OBJS_DIR)
		$(CC) $(CFLAGS) -I/usr/include -Imlx_linux -O3 -c $< -o $@

objs/map_to_str.o: srcs/map_to_str.c
#  Implicit rule search has been done.
#  Implicit/static pattern stem: 'map_to_str'
#  Last modified 2022-07-22 16:49:49.227426984
#  File has been updated.
#  Successfully updated.
#  recipe to execute (from 'Makefile', line 48):
		mkdir -p $(OBJS_DIR)
		$(CC) $(CFLAGS) -I/usr/include -Imlx_linux -O3 -c $< -o $@

# Not a target:
srcs/check_map.c:
#  Implicit rule search has been done.
#  Last modified 2022-07-22 16:12:20.569672384
 
#  File has been updated.
#  Successfully updated.

libs/libft/libft.a:
#  Implicit rule search has not been done.
#  Last modified 2022-07-22 16:49:47.915426247
#  File has been updated.
#  Successfully updated.
#  recipe to execute (from 'Makefile', line 55):
		make -C libs/libft

objs/main.o: srcs/main.c
#  Implicit rule search has been done.
#  Implicit/static pattern stem: 'main'
#  Last modified 2022-07-22 16:49:49.195426967
#  File has been updated.
#  Successfully updated.
#  recipe to execute (from 'Makefile', line 48):
		mkdir -p $(OBJS_DIR)
		$(CC) $(CFLAGS) -I/usr/include -Imlx_linux -O3 -c $< -o $@

# Not a target:
srcs/hooks.c:
#  Implicit rule search has been done.
#  Last modified 2022-07-22 16:12:20.569672384
#  File has been updated.
#  Successfully updated.

# Not a target:
.DEFAULT:
#  Implicit rule search has not been done.
#  Modification time never checked.
#  File has not been updated.

mlx_linux/libmlx_Linux.a:
#  Implicit rule search has not been done.
#  Last modified 2022-07-22 16:49:48.855426777
#  File has been updated.
#  Successfully updated.
#  recipe to execute (from 'Makefile', line 61):
		make -C mlx_linux

all: so_long
#  Phony target (prerequisite of .PHONY).
#  Command line target.
#  Implicit rule search has not been done.
#  File does not exist.
#  File has been updated.
#  Successfully updated.

fclean: clean
#  Phony target (prerequisite of .PHONY).
#  Implicit rule search has not been done.
#  File does not exist.
#  File has not been updated.
#  recipe to execute (from 'Makefile', line 70):
		$(RM) $(NAME)
		make fclean -C libs/libft
		make fclean -C libs/printf_fd

# Not a target:
srcs/exit_free.c:
#  Implicit rule search has been done.
#  Last modified 2022-07-22 16:12:20.569672384
#  File has been updated.
#  Successfully updated.

objs/create_window.o: srcs/create_window.c
#  Implicit rule search has been done.
#  Implicit/static pattern stem: 'create_window'
#  Last modified 2022-07-22 16:49:49.007426861
#  File has been updated.
#  Successfully updated.
#  recipe to execute (from 'Makefile', line 48):
		mkdir -p $(OBJS_DIR)
		$(CC) $(CFLAGS) -I/usr/include -Imlx_linux -O3 -c $< -o $@

objs/get_next_line.o: srcs/get_next_line.c
#  Implicit rule search has been done.
#  Implicit/static pattern stem: 'get_next_line'
#  Last modified 2022-07-22 16:49:49.055426888
#  File has been updated.
#  Successfully updated.
#  recipe to execute (from 'Makefile', line 48):
		mkdir -p $(OBJS_DIR)
		$(CC) $(CFLAGS) -I/usr/include -Imlx_linux -O3 -c $< -o $@

# Not a target:
srcs/move_player.c:
#  Implicit rule search has been done.
#  Last modified 2022-07-22 16:12:20.569672384
#  File has been updated.
#  Successfully updated.

# Not a target:
srcs/get_next_line_utils.c:
#  Implicit rule search has been done.
#  Last modified 2022-07-22 16:12:20.569672384
#  File has been updated.
#  Successfully updated.

libs/printf_fd/libprintf_fd.a:
#  Implicit rule search has not been done.
#  Last modified 2022-07-22 16:49:47.943426263
#  File has been updated.
#  Successfully updated.
#  recipe to execute (from 'Makefile', line 58):
		make -C libs/printf_fd

.PHONY: all clean fclean re
#  Implicit rule search has not been done.
#  Modification time never checked.
#  File has not been updated.

# Not a target:
srcs/main.c:
#  Implicit rule search has been done.
#  Last modified 2022-07-22 16:12:20.569672384
#  File has been updated.
#  Successfully updated.

objs/check_map.o: srcs/check_map.c
#  Implicit rule search has been done.
#  Implicit/static pattern stem: 'check_map'
#  Last modified 2022-07-22 16:49:48.983426849
#  File has been updated.
#  Successfully updated.
#  recipe to execute (from 'Makefile', line 48):
		mkdir -p $(OBJS_DIR)
		$(CC) $(CFLAGS) -I/usr/include -Imlx_linux -O3 -c $< -o $@

objs/get_next_line_utils.o: srcs/get_next_line_utils.c
#  Implicit rule search has been done.
#  Implicit/static pattern stem: 'get_next_line_utils'
#  Last modified 2022-07-22 16:49:49.087426907
#  File has been updated.
#  Successfully updated.
#  recipe to execute (from 'Makefile', line 48):
		mkdir -p $(OBJS_DIR)
		$(CC) $(CFLAGS) -I/usr/include -Imlx_linux -O3 -c $< -o $@

# files hash-table stats:
# Load=35/1024=3%, Rehash=0, Collisions=0/109=0%
# VPATH Search Paths

# No 'vpath' search paths.

# No general ('VPATH' variable) search path.

# strcache buffers: 1 (0) / strings = 75 / storage = 952 B / avg = 12 B
# current buf: size = 8162 B / used = 952 B / count = 75 / avg = 12 B

# strcache performance: lookups = 120 / hit rate = 37%
# hash-table stats:
# Load=75/8192=1%, Rehash=0, Collisions=0/120=0%
# Finished Make data base on Fri Jul 22 17:20:16 2022

 
